<?xml version="1.0" encoding="UTF-8"?>
<testng-results ignored="0" total="1" passed="1" failed="0" skipped="0">
  <reporter-output>
  </reporter-output>
  <suite started-at="2024-03-20T14:37:55 IST" name="Default suite" finished-at="2024-03-20T14:38:25 IST" duration-ms="29705">
    <groups>
    </groups>
    <test started-at="2024-03-20T14:37:55 IST" name="Default test" finished-at="2024-03-20T14:38:25 IST" duration-ms="29705">
      <class name="joeyRoomsTestScripts.AddProperty">
        <test-method is-config="true" signature="setup()[pri:0, instance:joeyRoomsTestScripts.AddProperty@49ec71f8]" started-at="2024-03-20T14:37:55 IST" name="setup" finished-at="2024-03-20T14:38:04 IST" duration-ms="8998" status="PASS">
          <reporter-output>
          </reporter-output>
        </test-method> <!-- setup -->
        <test-method signature="VerifyLoginFunctionalityAndAddproperty()[pri:0, instance:joeyRoomsTestScripts.AddProperty@49ec71f8]" started-at="2024-03-20T14:38:04 IST" name="VerifyLoginFunctionalityAndAddproperty" finished-at="2024-03-20T14:38:24 IST" duration-ms="19677" status="PASS">
          <reporter-output>
          </reporter-output>
        </test-method> <!-- VerifyLoginFunctionalityAndAddproperty -->
        <test-method is-config="true" signature="closebrowser()[pri:0, instance:joeyRoomsTestScripts.AddProperty@49ec71f8]" started-at="2024-03-20T14:38:24 IST" name="closebrowser" finished-at="2024-03-20T14:38:25 IST" duration-ms="957" status="PASS">
          <reporter-output>
          </reporter-output>
        </test-method> <!-- closebrowser -->
      </class> <!-- joeyRoomsTestScripts.AddProperty -->
    </test> <!-- Default test -->
  </suite> <!-- Default suite -->
</testng-results>
